170301 195636.392|CONFIG|AWT-EventQueue-0|setFileHandlers|Now logging to /home/pc-65304/桌面/pc2/bin/logs directory.
170301 195636.392|INFO|AWT-EventQueue-0|info|
170301 195636.393|INFO|AWT-EventQueue-0|info|Version 9.4.1 20170125 (Wednesday, January 25th 2017 02:54 UTC) Java ver 1.7.0_79 build 3850 Linux 3.13.0-24-generic (amd64) 
170301 195636.393|INFO|AWT-EventQueue-0|info|Login: team43 (aka team43)
170301 195636.394|INFO|AWT-EventQueue-0|startLog|Working directory is /home/pc-65304/桌面/pc2/bin
170301 195636.394|INFO|AWT-EventQueue-0|startLog|Process id is 3619@pc65304-BM1AF-BP1AF-BM6AF
170301 195636.395|INFO|AWT-EventQueue-0|info|Contacting server at 192.168.34.11:50002 as TEAM43 @ site 0
170301 195636.395|INFO|AWT-EventQueue-0|info|sendLoginRequest start - sending from TEAM43 @ site 0
170301 195636.399|INFO|AWT-EventQueue-0|sendToLocalServer|Sending packet to server Packet[LOGIN_REQUEST] #1 TEAM43 @ site 0 -> SERVER0 @ site 0
170301 195636.400|INFO|Thread-2|run|send(Serializable)
170301 195636.401|INFO|AWT-EventQueue-0|sendToLocalServer|Sent    packet to server Packet[LOGIN_REQUEST] #1 TEAM43 @ site 0 -> SERVER0 @ site 0
170301 195636.401|INFO|AWT-EventQueue-0|info|sendLoginRequest end - packet sent.
170301 195636.429|INFO|Thread-1|receive|public void receive(SealedObject TransportPacket, ConnectionHandlerID connectionHandlerID)
170301 195636.476|INFO|Thread-3|info| receiveObject(S) start got Packet[LOGIN_SUCCESS] #2786 SERVER0 @ site 1 -> TEAM43 @ site 1
170301 195636.476|INFO|Thread-3|dumpPacket|Packet LOGIN_SUCCESS (Seq #2786 ) recieveObject
170301 195636.477|INFO|Thread-3|dumpPacket|  From: SERVER0 @ site 1 (pc65304-BM1AF-BP1AF-BM6AF @ 127.0.1.1) (Contest Id: Default--4072008936870381215)
170301 195636.477|INFO|Thread-3|dumpPacket|    To: TEAM43 @ site 1
170301 195636.477|INFO|Thread-3|dumpPacket|   key: ACCOUNT_ARRAY is: [Ledu.csus.ecs.pc2.core.model.Account; [Ledu.csus.ecs.pc2.core.model.Account;@7baf88be
170301 195636.477|INFO|Thread-3|dumpPacket|   key: GENERAL_PROBLEM is: edu.csus.ecs.pc2.core.model.Problem General
170301 195636.477|INFO|Thread-3|dumpPacket|   key: SERVER_CLOCK_OFFSET is: java.util.GregorianCalendar java.util.GregorianCalendar[time=1488369396531,areFieldsSet=true,areAllFieldsSet=false,lenient=true,zone=sun.util.calendar.ZoneInfo[id="GMT",offset=0,dstSavings=0,useDaylight=false,transitions=0,lastRule=null],firstDayOfWeek=1,minimalDaysInFirstWeek=1,ERA=1,YEAR=2017,MONTH=2,WEEK_OF_YEAR=9,WEEK_OF_MONTH=1,DAY_OF_MONTH=1,DAY_OF_YEAR=60,DAY_OF_WEEK=4,DAY_OF_WEEK_IN_MONTH=1,AM_PM=0,HOUR=11,HOUR_OF_DAY=11,MINUTE=56,SECOND=36,MILLISECOND=531,ZONE_OFFSET=0,DST_OFFSET=0]
170301 195636.477|INFO|Thread-3|dumpPacket|   key: JUDGEMENT_LIST is: [Ledu.csus.ecs.pc2.core.model.Judgement; [Ledu.csus.ecs.pc2.core.model.Judgement;@413ab162
170301 195636.477|INFO|Thread-3|dumpPacket|   key: PROBLEM_DATA_FILES is: [Ledu.csus.ecs.pc2.core.model.ProblemDataFiles; [Ledu.csus.ecs.pc2.core.model.ProblemDataFiles;@7453ba62
170301 195636.477|INFO|Thread-3|dumpPacket|   key: LANGUAGE_LIST is: [Ledu.csus.ecs.pc2.core.model.Language; [Ledu.csus.ecs.pc2.core.model.Language;@24f1b398
170301 195636.477|INFO|Thread-3|dumpPacket|   key: PROFILE is: edu.csus.ecs.pc2.core.model.Profile Default-7240710986901234629
170301 195636.478|INFO|Thread-3|dumpPacket|   key: BALLOON_SETTINGS_LIST is: [Ledu.csus.ecs.pc2.core.model.BalloonSettings; [Ledu.csus.ecs.pc2.core.model.BalloonSettings;@7845d31a
170301 195636.478|INFO|Thread-3|dumpPacket|   key: REMOTE_LOGGED_IN_USERS is: [Ledu.csus.ecs.pc2.core.model.ClientId; [Ledu.csus.ecs.pc2.core.model.ClientId;@30268da6
170301 195636.478|INFO|Thread-3|dumpPacket|   key: CLARIFICATION_LIST is: [Ledu.csus.ecs.pc2.core.model.Clarification; [Ledu.csus.ecs.pc2.core.model.Clarification;@331da5fc
170301 195636.478|INFO|Thread-3|dumpPacket|   key: CONTEST_IDENTIFIER is: java.lang.String Default--4072008936870381215
170301 195636.478|INFO|Thread-3|dumpPacket|   key: PROBLEM_LIST is: [Ledu.csus.ecs.pc2.core.model.Problem; [Ledu.csus.ecs.pc2.core.model.Problem;@5f7c5d9b
170301 195636.478|INFO|Thread-3|dumpPacket|   key: SITE_NUMBER is: java.lang.Integer 1
170301 195636.478|INFO|Thread-3|dumpPacket|   key: CATEGORY_LIST is: [Ledu.csus.ecs.pc2.core.model.Category; [Ledu.csus.ecs.pc2.core.model.Category;@5de59c16
170301 195636.478|INFO|Thread-3|dumpPacket|   key: CLIENT_SETTINGS_LIST is: [Ledu.csus.ecs.pc2.core.model.ClientSettings; [Ledu.csus.ecs.pc2.core.model.ClientSettings;@d6a9883
170301 195636.478|INFO|Thread-3|dumpPacket|   key: LOCAL_LOGGED_IN_USERS is: [Ledu.csus.ecs.pc2.core.model.ClientId; [Ledu.csus.ecs.pc2.core.model.ClientId;@5142c756
170301 195636.478|INFO|Thread-3|dumpPacket|   key: CLIENT_ID is: edu.csus.ecs.pc2.core.model.ClientId TEAM43 @ site 1
170301 195636.479|INFO|Thread-3|dumpPacket|   key: GROUP_LIST is: [Ledu.csus.ecs.pc2.core.model.Group; [Ledu.csus.ecs.pc2.core.model.Group;@772d08c7
170301 195636.479|INFO|Thread-3|dumpPacket|   key: CONNECTION_HANDLE_ID_LIST is: [Ledu.csus.ecs.pc2.core.transport.ConnectionHandlerID; [Ledu.csus.ecs.pc2.core.transport.ConnectionHandlerID;@2d9b7df1
170301 195636.479|INFO|Thread-3|dumpPacket|   key: CONTEST_TIME is: edu.csus.ecs.pc2.core.model.ContestTime edu.csus.ecs.pc2.core.model.ContestTime@3b69709b
170301 195636.479|INFO|Thread-3|dumpPacket|   key: PROFILE_LIST is: [Ledu.csus.ecs.pc2.core.model.Profile; [Ledu.csus.ecs.pc2.core.model.Profile;@75fee96
170301 195636.479|INFO|Thread-3|dumpPacket|   key: CONTEST_TIME_LIST is: [Ledu.csus.ecs.pc2.core.model.ContestTime; [Ledu.csus.ecs.pc2.core.model.ContestTime;@2b28bda2
170301 195636.479|INFO|Thread-3|dumpPacket|   key: CONTEST_INFORMATION is: edu.csus.ecs.pc2.core.model.ContestInformation edu.csus.ecs.pc2.core.model.ContestInformation@7fb9ecd0
170301 195636.479|INFO|Thread-3|dumpPacket|   key: SITE_LIST is: [Ledu.csus.ecs.pc2.core.model.Site; [Ledu.csus.ecs.pc2.core.model.Site;@76a8d33
170301 195636.479|INFO|Thread-3|dumpPacket|   key: RUN_LIST is: [Ledu.csus.ecs.pc2.core.model.Run; [Ledu.csus.ecs.pc2.core.model.Run;@645c1312
170301 195636.479|INFO|Thread-3|info|handlePacket start Packet[LOGIN_SUCCESS] #2786 SERVER0 @ site 1 -> TEAM43 @ site 1
170301 195636.479|INFO|Thread-3|dumpPacket|Packet LOGIN_SUCCESS (Seq #2786 ) handlePacket
170301 195636.479|INFO|Thread-3|dumpPacket|  From: SERVER0 @ site 1 (pc65304-BM1AF-BP1AF-BM6AF @ 127.0.1.1) (Contest Id: Default--4072008936870381215)
170301 195636.480|INFO|Thread-3|dumpPacket|    To: TEAM43 @ site 1
170301 195636.480|INFO|Thread-3|dumpPacket|   key: ACCOUNT_ARRAY is: [Ledu.csus.ecs.pc2.core.model.Account; [Ledu.csus.ecs.pc2.core.model.Account;@7baf88be
170301 195636.480|INFO|Thread-3|dumpPacket|   key: GENERAL_PROBLEM is: edu.csus.ecs.pc2.core.model.Problem General
170301 195636.480|INFO|Thread-3|dumpPacket|   key: SERVER_CLOCK_OFFSET is: java.util.GregorianCalendar java.util.GregorianCalendar[time=1488369396531,areFieldsSet=true,areAllFieldsSet=false,lenient=true,zone=sun.util.calendar.ZoneInfo[id="GMT",offset=0,dstSavings=0,useDaylight=false,transitions=0,lastRule=null],firstDayOfWeek=1,minimalDaysInFirstWeek=1,ERA=1,YEAR=2017,MONTH=2,WEEK_OF_YEAR=9,WEEK_OF_MONTH=1,DAY_OF_MONTH=1,DAY_OF_YEAR=60,DAY_OF_WEEK=4,DAY_OF_WEEK_IN_MONTH=1,AM_PM=0,HOUR=11,HOUR_OF_DAY=11,MINUTE=56,SECOND=36,MILLISECOND=531,ZONE_OFFSET=0,DST_OFFSET=0]
170301 195636.480|INFO|Thread-3|dumpPacket|   key: JUDGEMENT_LIST is: [Ledu.csus.ecs.pc2.core.model.Judgement; [Ledu.csus.ecs.pc2.core.model.Judgement;@413ab162
170301 195636.480|INFO|Thread-3|dumpPacket|   key: PROBLEM_DATA_FILES is: [Ledu.csus.ecs.pc2.core.model.ProblemDataFiles; [Ledu.csus.ecs.pc2.core.model.ProblemDataFiles;@7453ba62
170301 195636.480|INFO|Thread-3|dumpPacket|   key: LANGUAGE_LIST is: [Ledu.csus.ecs.pc2.core.model.Language; [Ledu.csus.ecs.pc2.core.model.Language;@24f1b398
170301 195636.480|INFO|Thread-3|dumpPacket|   key: PROFILE is: edu.csus.ecs.pc2.core.model.Profile Default-7240710986901234629
170301 195636.480|INFO|Thread-3|dumpPacket|   key: BALLOON_SETTINGS_LIST is: [Ledu.csus.ecs.pc2.core.model.BalloonSettings; [Ledu.csus.ecs.pc2.core.model.BalloonSettings;@7845d31a
170301 195636.480|INFO|Thread-3|dumpPacket|   key: REMOTE_LOGGED_IN_USERS is: [Ledu.csus.ecs.pc2.core.model.ClientId; [Ledu.csus.ecs.pc2.core.model.ClientId;@30268da6
170301 195636.481|INFO|Thread-3|dumpPacket|   key: CLARIFICATION_LIST is: [Ledu.csus.ecs.pc2.core.model.Clarification; [Ledu.csus.ecs.pc2.core.model.Clarification;@331da5fc
170301 195636.481|INFO|Thread-3|dumpPacket|   key: CONTEST_IDENTIFIER is: java.lang.String Default--4072008936870381215
170301 195636.481|INFO|Thread-3|dumpPacket|   key: PROBLEM_LIST is: [Ledu.csus.ecs.pc2.core.model.Problem; [Ledu.csus.ecs.pc2.core.model.Problem;@5f7c5d9b
170301 195636.481|INFO|Thread-3|dumpPacket|   key: SITE_NUMBER is: java.lang.Integer 1
170301 195636.481|INFO|Thread-3|dumpPacket|   key: CATEGORY_LIST is: [Ledu.csus.ecs.pc2.core.model.Category; [Ledu.csus.ecs.pc2.core.model.Category;@5de59c16
170301 195636.481|INFO|Thread-3|dumpPacket|   key: CLIENT_SETTINGS_LIST is: [Ledu.csus.ecs.pc2.core.model.ClientSettings; [Ledu.csus.ecs.pc2.core.model.ClientSettings;@d6a9883
170301 195636.481|INFO|Thread-3|dumpPacket|   key: LOCAL_LOGGED_IN_USERS is: [Ledu.csus.ecs.pc2.core.model.ClientId; [Ledu.csus.ecs.pc2.core.model.ClientId;@5142c756
170301 195636.481|INFO|Thread-3|dumpPacket|   key: CLIENT_ID is: edu.csus.ecs.pc2.core.model.ClientId TEAM43 @ site 1
170301 195636.481|INFO|Thread-3|dumpPacket|   key: GROUP_LIST is: [Ledu.csus.ecs.pc2.core.model.Group; [Ledu.csus.ecs.pc2.core.model.Group;@772d08c7
170301 195636.481|INFO|Thread-3|dumpPacket|   key: CONNECTION_HANDLE_ID_LIST is: [Ledu.csus.ecs.pc2.core.transport.ConnectionHandlerID; [Ledu.csus.ecs.pc2.core.transport.ConnectionHandlerID;@2d9b7df1
170301 195636.481|INFO|Thread-3|dumpPacket|   key: CONTEST_TIME is: edu.csus.ecs.pc2.core.model.ContestTime edu.csus.ecs.pc2.core.model.ContestTime@3b69709b
170301 195636.482|INFO|Thread-3|dumpPacket|   key: PROFILE_LIST is: [Ledu.csus.ecs.pc2.core.model.Profile; [Ledu.csus.ecs.pc2.core.model.Profile;@75fee96
170301 195636.482|INFO|Thread-3|dumpPacket|   key: CONTEST_TIME_LIST is: [Ledu.csus.ecs.pc2.core.model.ContestTime; [Ledu.csus.ecs.pc2.core.model.ContestTime;@2b28bda2
170301 195636.482|INFO|Thread-3|dumpPacket|   key: CONTEST_INFORMATION is: edu.csus.ecs.pc2.core.model.ContestInformation edu.csus.ecs.pc2.core.model.ContestInformation@7fb9ecd0
170301 195636.482|INFO|Thread-3|dumpPacket|   key: SITE_LIST is: [Ledu.csus.ecs.pc2.core.model.Site; [Ledu.csus.ecs.pc2.core.model.Site;@76a8d33
170301 195636.482|INFO|Thread-3|dumpPacket|   key: RUN_LIST is: [Ledu.csus.ecs.pc2.core.model.Run; [Ledu.csus.ecs.pc2.core.model.Run;@645c1312
170301 195655.423|INFO|Thread-4|run|send(Serializable)
170301 195655.467|INFO|Thread-1|receive|public void receive(SealedObject TransportPacket, ConnectionHandlerID connectionHandlerID)
170301 195655.971|INFO|Thread-1|receive|public void receive(SealedObject TransportPacket, ConnectionHandlerID connectionHandlerID)
170301 195835.232|INFO|Thread-7|run|send(Serializable)
170301 195835.272|INFO|Thread-1|receive|public void receive(SealedObject TransportPacket, ConnectionHandlerID connectionHandlerID)
170301 195835.741|INFO|Thread-1|receive|public void receive(SealedObject TransportPacket, ConnectionHandlerID connectionHandlerID)
170301 200324.728|INFO|Thread-10|run|send(Serializable)
170301 200324.771|INFO|Thread-1|receive|public void receive(SealedObject TransportPacket, ConnectionHandlerID connectionHandlerID)
170301 200325.691|INFO|Thread-1|receive|public void receive(SealedObject TransportPacket, ConnectionHandlerID connectionHandlerID)
170301 200629.264|INFO|Thread-13|run|send(Serializable)
170301 200629.310|INFO|Thread-1|receive|public void receive(SealedObject TransportPacket, ConnectionHandlerID connectionHandlerID)
170301 200630.287|INFO|Thread-1|receive|public void receive(SealedObject TransportPacket, ConnectionHandlerID connectionHandlerID)
170301 200826.986|INFO|Thread-1|receive|public void receive(SealedObject TransportPacket, ConnectionHandlerID connectionHandlerID)
170301 201014.716|INFO|Thread-1|receive|public void receive(SealedObject TransportPacket, ConnectionHandlerID connectionHandlerID)
170301 210830.488|INFO|Thread-1|connectionDropped|connectionDropped(ConnectionHandlerID myConnectionID) 
