170217 175355.399|CONFIG|main|setFileHandlers|Now logging to /home/pc-65304/桌面/acm-day-2/pc2/bin/logs directory.
170217 175355.409|INFO|main|info|
170217 175355.420|INFO|main|info|Version 9.4.1 20170125 (Wednesday, January 25th 2017 02:54 UTC) Java ver 1.7.0_79 build 3850 Linux 3.13.0-24-generic (amd64) 
170217 175355.420|INFO|main|startLog|Working directory is /home/pc-65304/桌面/acm-day-2/pc2/bin
170217 175355.498|INFO|main|startLog|Process id is 4210@pc65304-BM1AF-BP1AF-BM6AF
170217 175355.498|INFO|main|start|Starting ConnectionManager...
170217 175355.653|INFO|main|start|Started ConnectionManager
170217 175355.665|INFO|main|setClientServerAndPort|INIFile File location: file:/home/pc-65304/桌面/acm-day-2/pc2/bin/pc2v9.ini
170217 175355.666|INFO|main|setClientServerAndPort|setClientServerAndPort 192.168.34.178 parsed as 192.168.34.178 port 50002
170217 175355.666|INFO|main|info|Contacting server at 192.168.34.178:50002
170217 175355.666|INFO|main|connectToMyServer|Connecting to 192.168.34.178:50002
170217 175355.836|INFO|Thread-1|receiveUnencrypted|receiveUnencrypted(TransportWrapper, ConnectionHandlerID=Socket[addr=/192.168.34.178,port=50002,localport=42630]--3485150332708713641)
170217 175355.960|INFO|Thread-1|receiveUnencrypted|receiveUnencrypted Made a secret key for Socket[addr=/192.168.34.178,port=50002,localport=42630]--3485150332708713641 key is com.sun.crypto.provider.DESKey@fffe786b
170217 175355.960|INFO|Thread-1|getPublicKeyPacket|Generating Unencrypted Public Key Packet
170217 175355.961|INFO|Thread-1|getPublicKeyPacket|checking key:= SunJCE Diffie-Hellman Public Key:
y:
    01ec9b28 85d56e1e 222201fe bb2792b4 16222b76 9b5d9b8b 11c0b688 eba8abde
    55f10590 dcee540d eb0b81bf 3612d45e 459c4482 2ae34667 405622d6 1f78986c
    2434b430 7a09ca59 0a79c1d4 232bcf1a 96b794ad 62b613a1 c26bcff2 c2b06a91
    7bf9db53 a7c428fd ff9f3281 d703d79b 5765eacb 53eec822 43d62a49 e9c2aeb5
p:
    f488fd58 4e49dbcd 20b49de4 9107366b 336c380d 451d0f7c 88b31c7c 5b2d8ef6
    f3c923c0 43f0a55b 188d8ebb 558cb85d 38d334fd 7c175743 a31d186c de33212c
    b52aff3c e1b12940 18118d7c 84a70a72 d686c403 19c80729 7aca950c d9969fab
    d00a509b 0246d308 3d66a45d 419f9c7c bd894b22 1926baab a25ec355 e92f78c7
g:
    02
l:
    512
170217 175355.961|INFO|Thread-1|getPublicKeyPacket|packet:= edu.csus.ecs.pc2.core.transport.TransportWrapper@22b27cca
170217 213939.475|INFO|Thread-1|receive|EOFException in receive for Socket[addr=/192.168.34.178,port=50002,localport=42630]--3485150332708713641
|java.io.EOFException: null
|    at java.io.ObjectInputStream$BlockDataInputStream.peekByte (ObjectInputStream.java:2598)
|    at java.io.ObjectInputStream.readObject0 (ObjectInputStream.java:1318)
|    at java.io.ObjectInputStream.readObject (ObjectInputStream.java:370)
|    at edu.csus.ecs.pc2.core.transport.ConnectionHandlerThread.receive (ConnectionHandlerThread.java:151)
|    at edu.csus.ecs.pc2.core.transport.ConnectionHandlerClientThread.run (ConnectionHandlerClientThread.java:65)
170217 213939.477|FINER|Thread-1|run|THROW
|edu.csus.ecs.pc2.core.transport.TransportException: null
|    at edu.csus.ecs.pc2.core.transport.ConnectionHandlerThread.receive (ConnectionHandlerThread.java:158)
|    at edu.csus.ecs.pc2.core.transport.ConnectionHandlerClientThread.run (ConnectionHandlerClientThread.java:65)
170217 213939.478|FINER|Thread-1|run - e.getmessage is null()|THROW
|edu.csus.ecs.pc2.core.transport.TransportException: null
|    at edu.csus.ecs.pc2.core.transport.ConnectionHandlerThread.receive (ConnectionHandlerThread.java:158)
|    at edu.csus.ecs.pc2.core.transport.ConnectionHandlerClientThread.run (ConnectionHandlerClientThread.java:65)
